<?xml version="1.0" encoding="UTF-8"?>
<testng-results ignored="0" total="1" passed="1" failed="0" skipped="0">
  <reporter-output>
  </reporter-output>
  <suite started-at="2024-08-19T07:19:40 IST" name="Default suite" finished-at="2024-08-19T07:19:40 IST" duration-ms="247">
    <groups>
    </groups>
    <test started-at="2024-08-19T07:19:40 IST" name="Default test" finished-at="2024-08-19T07:19:40 IST" duration-ms="247">
      <class name="TestCase.DemoTest">
        <test-method signature="OpenBrowser()[pri:0, instance:TestCase.DemoTest@2e6a8155]" started-at="2024-08-19T07:19:40 IST" name="OpenBrowser" finished-at="2024-08-19T07:19:40 IST" duration-ms="141" status="PASS">
          <reporter-output>
          </reporter-output>
        </test-method> <!-- OpenBrowser -->
      </class> <!-- TestCase.DemoTest -->
    </test> <!-- Default test -->
  </suite> <!-- Default suite -->
</testng-results>
